<?xml version="1.0" encoding="UTF-8"?>
<!-- Generated by org.testng.reporters.JUnitReportReporter -->
<testsuite skipped="0" hostname="LTIN322938" name="ijw.testscripts.framework.TestIJW" tests="1" failures="0" timestamp="13 Mar 2023 13:03:53 GMT" time="83.230" errors="1">
  <testcase name="PlacePickUpLaterToday_LoggedInUser_AddNewBillingAddress" time="83.230" classname="ijw.testscripts.framework.TestIJW">
    <error type="java.lang.NullPointerException">
      <![CDATA[java.lang.NullPointerException
at ijw.config.framework.Base.stopTest(Base.java:66)
at ijw.pageaction.framework.FunctionalComponents.billingDetailswithAddNewAddress(FunctionalComponents.java:678)
at ijw.testscripts.framework.TestIJW.PlacePickUpLaterToday_LoggedInUser_AddNewBillingAddress(TestIJW.java:189)
at sun.reflect.NativeMethodAccessorImpl.invoke0(Native Method)
at sun.reflect.NativeMethodAccessorImpl.invoke(Unknown Source)
at sun.reflect.DelegatingMethodAccessorImpl.invoke(Unknown Source)
at java.lang.reflect.Method.invoke(Unknown Source)
at org.testng.internal.MethodInvocationHelper.invokeMethod(MethodInvocationHelper.java:124)
at org.testng.internal.Invoker.invokeMethod(Invoker.java:583)
at org.testng.internal.Invoker.invokeTestMethod(Invoker.java:719)
at org.testng.internal.Invoker.invokeTestMethods(Invoker.java:989)
at org.testng.internal.TestMethodWorker.invokeTestMethods(TestMethodWorker.java:125)
at org.testng.internal.TestMethodWorker.run(TestMethodWorker.java:109)
at org.testng.TestRunner.privateRun(TestRunner.java:648)
at org.testng.TestRunner.run(TestRunner.java:505)
at org.testng.SuiteRunner.runTest(SuiteRunner.java:455)
at org.testng.SuiteRunner.runSequentially(SuiteRunner.java:450)
at org.testng.SuiteRunner.privateRun(SuiteRunner.java:415)
at org.testng.SuiteRunner.run(SuiteRunner.java:364)
at org.testng.SuiteRunnerWorker.runSuite(SuiteRunnerWorker.java:52)
at org.testng.SuiteRunnerWorker.run(SuiteRunnerWorker.java:84)
at org.testng.TestNG.runSuitesSequentially(TestNG.java:1208)
at org.testng.TestNG.runSuitesLocally(TestNG.java:1137)
at org.testng.TestNG.runSuites(TestNG.java:1049)
at org.testng.TestNG.run(TestNG.java:1017)
at ijw.testrunner.framework.TestRunner.main(TestRunner.java:30)
]]>
    </error>
  </testcase> <!-- PlacePickUpLaterToday_LoggedInUser_AddNewBillingAddress -->
</testsuite> <!-- ijw.testscripts.framework.TestIJW -->
